<?xml version="1.0" encoding="UTF-8"?>
<coverage generated="1770390184220" clover="3.2.0">
  <project timestamp="1770390184220" name="All files">
    <metrics statements="58" coveredstatements="58" conditionals="44" coveredconditionals="44" methods="5" coveredmethods="5" elements="107" coveredelements="107" complexity="0" loc="58" ncloc="58" packages="1" files="2" classes="2"/>
    <file name="module.js" path="C:\Users\cleonard\Downloads\YNOV\Tests et tests unitaires\projet_test\module.js">
      <metrics statements="43" coveredstatements="43" conditionals="42" coveredconditionals="42" methods="4" coveredmethods="4"/>
      <line num="9" count="19" type="cond" truecount="2" falsecount="0"/>
      <line num="10" count="1" type="stmt"/>
      <line num="12" count="18" type="cond" truecount="4" falsecount="0"/>
      <line num="13" count="2" type="stmt"/>
      <line num="15" count="16" type="cond" truecount="2" falsecount="0"/>
      <line num="16" count="1" type="stmt"/>
      <line num="18" count="15" type="cond" truecount="2" falsecount="0"/>
      <line num="19" count="1" type="stmt"/>
      <line num="21" count="14" type="cond" truecount="2" falsecount="0"/>
      <line num="22" count="1" type="stmt"/>
      <line num="24" count="13" type="cond" truecount="2" falsecount="0"/>
      <line num="25" count="1" type="stmt"/>
      <line num="27" count="12" type="stmt"/>
      <line num="28" count="12" type="stmt"/>
      <line num="29" count="12" type="stmt"/>
      <line num="39" count="15" type="cond" truecount="4" falsecount="0"/>
      <line num="40" count="1" type="stmt"/>
      <line num="42" count="14" type="cond" truecount="2" falsecount="0"/>
      <line num="43" count="2" type="stmt"/>
      <line num="45" count="12" type="cond" truecount="2" falsecount="0"/>
      <line num="46" count="2" type="stmt"/>
      <line num="48" count="10" type="stmt"/>
      <line num="55" count="17" type="cond" truecount="2" falsecount="0"/>
      <line num="56" count="1" type="stmt"/>
      <line num="59" count="16" type="cond" truecount="4" falsecount="0"/>
      <line num="60" count="2" type="stmt"/>
      <line num="63" count="14" type="cond" truecount="2" falsecount="0"/>
      <line num="64" count="1" type="stmt"/>
      <line num="67" count="13" type="cond" truecount="2" falsecount="0"/>
      <line num="68" count="1" type="stmt"/>
      <line num="71" count="12" type="cond" truecount="2" falsecount="0"/>
      <line num="72" count="1" type="stmt"/>
      <line num="75" count="11" type="cond" truecount="2" falsecount="0"/>
      <line num="76" count="2" type="stmt"/>
      <line num="78" count="9" type="stmt"/>
      <line num="83" count="16" type="cond" truecount="2" falsecount="0"/>
      <line num="84" count="1" type="stmt"/>
      <line num="86" count="15" type="cond" truecount="2" falsecount="0"/>
      <line num="87" count="2" type="stmt"/>
      <line num="89" count="13" type="stmt"/>
      <line num="90" count="13" type="cond" truecount="2" falsecount="0"/>
      <line num="91" count="5" type="stmt"/>
      <line num="93" count="8" type="stmt"/>
    </file>
    <file name="validator.js" path="C:\Users\cleonard\Downloads\YNOV\Tests et tests unitaires\projet_test\validator.js">
      <metrics statements="15" coveredstatements="15" conditionals="2" coveredconditionals="2" methods="1" coveredmethods="1"/>
      <line num="14" count="10" type="stmt"/>
      <line num="15" count="10" type="stmt"/>
      <line num="16" count="10" type="cond" truecount="2" falsecount="0"/>
      <line num="17" count="1" type="stmt"/>
      <line num="20" count="1" type="stmt"/>
      <line num="23" count="9" type="stmt"/>
      <line num="24" count="9" type="stmt"/>
      <line num="27" count="1" type="stmt"/>
      <line num="30" count="8" type="stmt"/>
      <line num="31" count="8" type="stmt"/>
      <line num="33" count="1" type="stmt"/>
      <line num="36" count="7" type="stmt"/>
      <line num="37" count="7" type="stmt"/>
      <line num="39" count="2" type="stmt"/>
      <line num="42" count="5" type="stmt"/>
    </file>
  </project>
</coverage>
