{"C:\\Users\\cleonard\\Downloads\\YNOV\\Tests et tests unitaires\\projet_test\\module.js": {"path":"C:\\Users\\cleonard\\Downloads\\YNOV\\Tests et tests unitaires\\projet_test\\module.js","statementMap":{"0":{"start":{"line":11,"column":4},"end":{"line":13,"column":5}},"1":{"start":{"line":12,"column":8},"end":{"line":12,"column":43}},"2":{"start":{"line":16,"column":4},"end":{"line":18,"column":5}},"3":{"start":{"line":17,"column":8},"end":{"line":17,"column":55}},"4":{"start":{"line":21,"column":4},"end":{"line":23,"column":5}},"5":{"start":{"line":22,"column":8},"end":{"line":22,"column":66}},"6":{"start":{"line":26,"column":4},"end":{"line":28,"column":5}},"7":{"start":{"line":27,"column":8},"end":{"line":27,"column":67}},"8":{"start":{"line":31,"column":4},"end":{"line":33,"column":5}},"9":{"start":{"line":32,"column":8},"end":{"line":32,"column":49}},"10":{"start":{"line":36,"column":4},"end":{"line":38,"column":5}},"11":{"start":{"line":37,"column":8},"end":{"line":37,"column":55}},"12":{"start":{"line":40,"column":19},"end":{"line":40,"column":59}},"13":{"start":{"line":41,"column":14},"end":{"line":41,"column":56}},"14":{"start":{"line":42,"column":4},"end":{"line":42,"column":15}},"15":{"start":{"line":54,"column":4},"end":{"line":56,"column":5}},"16":{"start":{"line":55,"column":8},"end":{"line":55,"column":59}},"17":{"start":{"line":59,"column":4},"end":{"line":61,"column":5}},"18":{"start":{"line":60,"column":8},"end":{"line":60,"column":60}},"19":{"start":{"line":64,"column":4},"end":{"line":66,"column":5}},"20":{"start":{"line":65,"column":8},"end":{"line":65,"column":66}},"21":{"start":{"line":68,"column":4},"end":{"line":68,"column":16}},"22":{"start":{"line":76,"column":4},"end":{"line":78,"column":5}},"23":{"start":{"line":77,"column":8},"end":{"line":77,"column":50}},"24":{"start":{"line":81,"column":4},"end":{"line":83,"column":5}},"25":{"start":{"line":82,"column":8},"end":{"line":82,"column":62}},"26":{"start":{"line":86,"column":4},"end":{"line":88,"column":5}},"27":{"start":{"line":87,"column":8},"end":{"line":87,"column":72}},"28":{"start":{"line":91,"column":4},"end":{"line":93,"column":5}},"29":{"start":{"line":92,"column":8},"end":{"line":92,"column":51}},"30":{"start":{"line":96,"column":4},"end":{"line":98,"column":5}},"31":{"start":{"line":97,"column":8},"end":{"line":97,"column":61}},"32":{"start":{"line":101,"column":4},"end":{"line":103,"column":5}},"33":{"start":{"line":102,"column":8},"end":{"line":102,"column":73}},"34":{"start":{"line":106,"column":4},"end":{"line":108,"column":5}},"35":{"start":{"line":107,"column":8},"end":{"line":107,"column":91}},"36":{"start":{"line":110,"column":4},"end":{"line":110,"column":16}},"37":{"start":{"line":117,"column":4},"end":{"line":119,"column":5}},"38":{"start":{"line":118,"column":8},"end":{"line":118,"column":47}},"39":{"start":{"line":122,"column":4},"end":{"line":124,"column":5}},"40":{"start":{"line":123,"column":8},"end":{"line":123,"column":58}},"41":{"start":{"line":127,"column":23},"end":{"line":127,"column":51}},"42":{"start":{"line":128,"column":4},"end":{"line":130,"column":5}},"43":{"start":{"line":129,"column":8},"end":{"line":129,"column":75}},"44":{"start":{"line":132,"column":4},"end":{"line":132,"column":16}}},"fnMap":{"0":{"name":"calculateAge","decl":{"start":{"line":8,"column":9},"end":{"line":8,"column":21}},"loc":{"start":{"line":8,"column":25},"end":{"line":43,"column":1}},"line":8},"1":{"name":"validatePostalCode","decl":{"start":{"line":51,"column":9},"end":{"line":51,"column":27}},"loc":{"start":{"line":51,"column":40},"end":{"line":69,"column":1}},"line":51},"2":{"name":"verifyIdentity","decl":{"start":{"line":73,"column":9},"end":{"line":73,"column":23}},"loc":{"start":{"line":73,"column":34},"end":{"line":111,"column":1}},"line":73},"3":{"name":"verifyEmail","decl":{"start":{"line":114,"column":9},"end":{"line":114,"column":20}},"loc":{"start":{"line":114,"column":28},"end":{"line":133,"column":1}},"line":114}},"branchMap":{"0":{"loc":{"start":{"line":11,"column":4},"end":{"line":13,"column":5}},"type":"if","locations":[{"start":{"line":11,"column":4},"end":{"line":13,"column":5}},{"start":{},"end":{}}],"line":11},"1":{"loc":{"start":{"line":16,"column":4},"end":{"line":18,"column":5}},"type":"if","locations":[{"start":{"line":16,"column":4},"end":{"line":18,"column":5}},{"start":{},"end":{}}],"line":16},"2":{"loc":{"start":{"line":16,"column":8},"end":{"line":16,"column":43}},"type":"binary-expr","locations":[{"start":{"line":16,"column":8},"end":{"line":16,"column":29}},{"start":{"line":16,"column":33},"end":{"line":16,"column":43}}],"line":16},"3":{"loc":{"start":{"line":21,"column":4},"end":{"line":23,"column":5}},"type":"if","locations":[{"start":{"line":21,"column":4},"end":{"line":23,"column":5}},{"start":{},"end":{}}],"line":21},"4":{"loc":{"start":{"line":26,"column":4},"end":{"line":28,"column":5}},"type":"if","locations":[{"start":{"line":26,"column":4},"end":{"line":28,"column":5}},{"start":{},"end":{}}],"line":26},"5":{"loc":{"start":{"line":31,"column":4},"end":{"line":33,"column":5}},"type":"if","locations":[{"start":{"line":31,"column":4},"end":{"line":33,"column":5}},{"start":{},"end":{}}],"line":31},"6":{"loc":{"start":{"line":36,"column":4},"end":{"line":38,"column":5}},"type":"if","locations":[{"start":{"line":36,"column":4},"end":{"line":38,"column":5}},{"start":{},"end":{}}],"line":36},"7":{"loc":{"start":{"line":54,"column":4},"end":{"line":56,"column":5}},"type":"if","locations":[{"start":{"line":54,"column":4},"end":{"line":56,"column":5}},{"start":{},"end":{}}],"line":54},"8":{"loc":{"start":{"line":54,"column":8},"end":{"line":54,"column":74}},"type":"binary-expr","locations":[{"start":{"line":54,"column":8},"end":{"line":54,"column":19}},{"start":{"line":54,"column":23},"end":{"line":54,"column":46}},{"start":{"line":54,"column":50},"end":{"line":54,"column":74}}],"line":54},"9":{"loc":{"start":{"line":59,"column":4},"end":{"line":61,"column":5}},"type":"if","locations":[{"start":{"line":59,"column":4},"end":{"line":61,"column":5}},{"start":{},"end":{}}],"line":59},"10":{"loc":{"start":{"line":64,"column":4},"end":{"line":66,"column":5}},"type":"if","locations":[{"start":{"line":64,"column":4},"end":{"line":66,"column":5}},{"start":{},"end":{}}],"line":64},"11":{"loc":{"start":{"line":76,"column":4},"end":{"line":78,"column":5}},"type":"if","locations":[{"start":{"line":76,"column":4},"end":{"line":78,"column":5}},{"start":{},"end":{}}],"line":76},"12":{"loc":{"start":{"line":81,"column":4},"end":{"line":83,"column":5}},"type":"if","locations":[{"start":{"line":81,"column":4},"end":{"line":83,"column":5}},{"start":{},"end":{}}],"line":81},"13":{"loc":{"start":{"line":81,"column":8},"end":{"line":81,"column":57}},"type":"binary-expr","locations":[{"start":{"line":81,"column":8},"end":{"line":81,"column":36}},{"start":{"line":81,"column":40},"end":{"line":81,"column":57}}],"line":81},"14":{"loc":{"start":{"line":86,"column":4},"end":{"line":88,"column":5}},"type":"if","locations":[{"start":{"line":86,"column":4},"end":{"line":88,"column":5}},{"start":{},"end":{}}],"line":86},"15":{"loc":{"start":{"line":91,"column":4},"end":{"line":93,"column":5}},"type":"if","locations":[{"start":{"line":91,"column":4},"end":{"line":93,"column":5}},{"start":{},"end":{}}],"line":91},"16":{"loc":{"start":{"line":91,"column":8},"end":{"line":91,"column":85}},"type":"binary-expr","locations":[{"start":{"line":91,"column":8},"end":{"line":91,"column":35}},{"start":{"line":91,"column":39},"end":{"line":91,"column":61}},{"start":{"line":91,"column":65},"end":{"line":91,"column":85}}],"line":91},"17":{"loc":{"start":{"line":96,"column":4},"end":{"line":98,"column":5}},"type":"if","locations":[{"start":{"line":96,"column":4},"end":{"line":98,"column":5}},{"start":{},"end":{}}],"line":96},"18":{"loc":{"start":{"line":101,"column":4},"end":{"line":103,"column":5}},"type":"if","locations":[{"start":{"line":101,"column":4},"end":{"line":103,"column":5}},{"start":{},"end":{}}],"line":101},"19":{"loc":{"start":{"line":106,"column":4},"end":{"line":108,"column":5}},"type":"if","locations":[{"start":{"line":106,"column":4},"end":{"line":108,"column":5}},{"start":{},"end":{}}],"line":106},"20":{"loc":{"start":{"line":117,"column":4},"end":{"line":119,"column":5}},"type":"if","locations":[{"start":{"line":117,"column":4},"end":{"line":119,"column":5}},{"start":{},"end":{}}],"line":117},"21":{"loc":{"start":{"line":122,"column":4},"end":{"line":124,"column":5}},"type":"if","locations":[{"start":{"line":122,"column":4},"end":{"line":124,"column":5}},{"start":{},"end":{}}],"line":122},"22":{"loc":{"start":{"line":128,"column":4},"end":{"line":130,"column":5}},"type":"if","locations":[{"start":{"line":128,"column":4},"end":{"line":130,"column":5}},{"start":{},"end":{}}],"line":128}},"s":{"0":22,"1":1,"2":21,"3":2,"4":19,"5":1,"6":18,"7":1,"8":17,"9":1,"10":16,"11":1,"12":15,"13":15,"14":15,"15":18,"16":2,"17":16,"18":2,"19":14,"20":2,"21":12,"22":20,"23":1,"24":19,"25":2,"26":17,"27":1,"28":16,"29":2,"30":14,"31":1,"32":13,"33":1,"34":12,"35":2,"36":10,"37":17,"38":1,"39":16,"40":2,"41":14,"42":14,"43":5,"44":9},"f":{"0":22,"1":18,"2":20,"3":17},"b":{"0":[1,21],"1":[2,19],"2":[21,20],"3":[1,18],"4":[1,17],"5":[1,16],"6":[1,15],"7":[2,16],"8":[18,16,16],"9":[2,14],"10":[2,12],"11":[1,19],"12":[2,17],"13":[19,18],"14":[1,16],"15":[2,14],"16":[16,16,16],"17":[1,13],"18":[1,12],"19":[2,10],"20":[1,16],"21":[2,14],"22":[5,9]},"_coverageSchema":"1a1c01bbd47fc00a2c39e90264f33305004495a9","hash":"b0f08e603d56b2e5b467daa2227f729b8a8d2dcf"}
,"C:\\Users\\cleonard\\Downloads\\YNOV\\Tests et tests unitaires\\projet_test\\validator.js": {"path":"C:\\Users\\cleonard\\Downloads\\YNOV\\Tests et tests unitaires\\projet_test\\validator.js","statementMap":{"0":{"start":{"line":16,"column":4},"end":{"line":23,"column":5}},"1":{"start":{"line":17,"column":25},"end":{"line":17,"column":42}},"2":{"start":{"line":18,"column":8},"end":{"line":20,"column":9}},"3":{"start":{"line":19,"column":12},"end":{"line":19,"column":68}},"4":{"start":{"line":22,"column":8},"end":{"line":22,"column":64}},"5":{"start":{"line":26,"column":4},"end":{"line":30,"column":5}},"6":{"start":{"line":27,"column":8},"end":{"line":27,"column":39}},"7":{"start":{"line":29,"column":8},"end":{"line":29,"column":50}},"8":{"start":{"line":32,"column":4},"end":{"line":36,"column":5}},"9":{"start":{"line":33,"column":8},"end":{"line":33,"column":33}},"10":{"start":{"line":35,"column":8},"end":{"line":35,"column":47}},"11":{"start":{"line":38,"column":4},"end":{"line":42,"column":5}},"12":{"start":{"line":39,"column":8},"end":{"line":39,"column":27}},"13":{"start":{"line":41,"column":8},"end":{"line":41,"column":44}},"14":{"start":{"line":45,"column":4},"end":{"line":45,"column":16}}},"fnMap":{"0":{"name":"validateForm","decl":{"start":{"line":14,"column":9},"end":{"line":14,"column":21}},"loc":{"start":{"line":14,"column":56},"end":{"line":46,"column":1}},"line":14}},"branchMap":{"0":{"loc":{"start":{"line":18,"column":8},"end":{"line":20,"column":9}},"type":"if","locations":[{"start":{"line":18,"column":8},"end":{"line":20,"column":9}},{"start":{},"end":{}}],"line":18}},"s":{"0":13,"1":13,"2":13,"3":1,"4":1,"5":12,"6":12,"7":2,"8":10,"9":10,"10":2,"11":8,"12":8,"13":2,"14":6},"f":{"0":13},"b":{"0":[1,12]},"_coverageSchema":"1a1c01bbd47fc00a2c39e90264f33305004495a9","hash":"6b2b16c3c4567ba29a01493aa838ee1cd7e0ebc2"}
}
