TN:
SF:module.js
FN:8,calculateAge
FN:51,validatePostalCode
FN:73,verifyIdentity
FN:114,verifyEmail
FNF:4
FNH:4
FNDA:22,calculateAge
FNDA:18,validatePostalCode
FNDA:20,verifyIdentity
FNDA:17,verifyEmail
DA:11,22
DA:12,1
DA:16,21
DA:17,2
DA:21,19
DA:22,1
DA:26,18
DA:27,1
DA:31,17
DA:32,1
DA:36,16
DA:37,1
DA:40,15
DA:41,15
DA:42,15
DA:54,18
DA:55,2
DA:59,16
DA:60,2
DA:64,14
DA:65,2
DA:68,12
DA:76,20
DA:77,1
DA:81,19
DA:82,2
DA:86,17
DA:87,1
DA:91,16
DA:92,2
DA:96,14
DA:97,1
DA:101,13
DA:102,1
DA:106,12
DA:107,2
DA:110,10
DA:117,17
DA:118,1
DA:122,16
DA:123,2
DA:127,14
DA:128,14
DA:129,5
DA:132,9
LF:45
LH:45
BRDA:11,0,0,1
BRDA:11,0,1,21
BRDA:16,1,0,2
BRDA:16,1,1,19
BRDA:16,2,0,21
BRDA:16,2,1,20
BRDA:21,3,0,1
BRDA:21,3,1,18
BRDA:26,4,0,1
BRDA:26,4,1,17
BRDA:31,5,0,1
BRDA:31,5,1,16
BRDA:36,6,0,1
BRDA:36,6,1,15
BRDA:54,7,0,2
BRDA:54,7,1,16
BRDA:54,8,0,18
BRDA:54,8,1,16
BRDA:54,8,2,16
BRDA:59,9,0,2
BRDA:59,9,1,14
BRDA:64,10,0,2
BRDA:64,10,1,12
BRDA:76,11,0,1
BRDA:76,11,1,19
BRDA:81,12,0,2
BRDA:81,12,1,17
BRDA:81,13,0,19
BRDA:81,13,1,18
BRDA:86,14,0,1
BRDA:86,14,1,16
BRDA:91,15,0,2
BRDA:91,15,1,14
BRDA:91,16,0,16
BRDA:91,16,1,16
BRDA:91,16,2,16
BRDA:96,17,0,1
BRDA:96,17,1,13
BRDA:101,18,0,1
BRDA:101,18,1,12
BRDA:106,19,0,2
BRDA:106,19,1,10
BRDA:117,20,0,1
BRDA:117,20,1,16
BRDA:122,21,0,2
BRDA:122,21,1,14
BRDA:128,22,0,5
BRDA:128,22,1,9
BRF:48
BRH:48
end_of_record
TN:
SF:validator.js
FN:14,validateForm
FNF:1
FNH:1
FNDA:13,validateForm
DA:16,13
DA:17,13
DA:18,13
DA:19,1
DA:22,1
DA:26,12
DA:27,12
DA:29,2
DA:32,10
DA:33,10
DA:35,2
DA:38,8
DA:39,8
DA:41,2
DA:45,6
LF:15
LH:15
BRDA:18,0,0,1
BRDA:18,0,1,12
BRF:2
BRH:2
end_of_record
