TN:
SF:module.js
FN:8,calculateAge
FN:38,validatePostalCode
FN:53,verifyIdentity
FN:82,verifyEmail
FNF:4
FNH:4
FNDA:9,calculateAge
FNDA:6,validatePostalCode
FNDA:9,verifyIdentity
FNDA:9,verifyEmail
DA:9,9
DA:10,1
DA:12,8
DA:13,2
DA:15,6
DA:16,1
DA:18,5
DA:19,1
DA:21,4
DA:22,1
DA:24,3
DA:25,1
DA:27,2
DA:28,2
DA:29,2
DA:39,6
DA:40,1
DA:42,5
DA:43,2
DA:45,3
DA:46,1
DA:48,2
DA:55,9
DA:56,1
DA:59,8
DA:60,2
DA:63,6
DA:64,1
DA:67,5
DA:68,1
DA:71,4
DA:72,1
DA:75,3
DA:76,1
DA:78,2
DA:83,9
DA:84,1
DA:86,8
DA:87,2
DA:89,6
DA:90,6
DA:91,3
DA:93,3
LF:43
LH:43
BRDA:9,0,0,1
BRDA:9,0,1,8
BRDA:12,1,0,2
BRDA:12,1,1,6
BRDA:12,2,0,8
BRDA:12,2,1,7
BRDA:15,3,0,1
BRDA:15,3,1,5
BRDA:18,4,0,1
BRDA:18,4,1,4
BRDA:21,5,0,1
BRDA:21,5,1,3
BRDA:24,6,0,1
BRDA:24,6,1,2
BRDA:39,7,0,1
BRDA:39,7,1,5
BRDA:39,8,0,6
BRDA:39,8,1,5
BRDA:42,9,0,2
BRDA:42,9,1,3
BRDA:45,10,0,1
BRDA:45,10,1,2
BRDA:55,11,0,1
BRDA:55,11,1,8
BRDA:59,12,0,2
BRDA:59,12,1,6
BRDA:59,13,0,8
BRDA:59,13,1,7
BRDA:63,14,0,1
BRDA:63,14,1,5
BRDA:67,15,0,1
BRDA:67,15,1,4
BRDA:71,16,0,1
BRDA:71,16,1,3
BRDA:75,17,0,1
BRDA:75,17,1,2
BRDA:83,18,0,1
BRDA:83,18,1,8
BRDA:86,19,0,2
BRDA:86,19,1,6
BRDA:90,20,0,3
BRDA:90,20,1,3
BRF:42
BRH:42
end_of_record
